<?xml version="1.0" encoding="utf-8"?><testsuites><testsuite name="pytest" errors="0" failures="0" skipped="0" tests="18" time="14.818" timestamp="2026-02-06T11:22:14.265363+00:00" hostname="LeBron"><testcase classname="tests.integration.test_apartment_repository" name="test_occupancy_and_revenue" time="2.383" /><testcase classname="tests.integration.test_apartment_repository" name="test_apartment_crud" time="0.117" /><testcase classname="tests.integration.test_finance_repository" name="test_get_invoices_and_location_enrichment" time="0.083" /><testcase classname="tests.integration.test_finance_repository" name="test_late_invoices_as_of" time="0.090" /><testcase classname="tests.integration.test_finance_repository" name="test_record_payment_happy_path_and_guards" time="0.144" /><testcase classname="tests.integration.test_finance_repository" name="test_financial_summary" time="0.075" /><testcase classname="tests.integration.test_location_repository" name="test_location_crud" time="0.103" /><testcase classname="tests.integration.test_tenants_repository" name="test_create_tenant_persists" time="0.074" /><testcase classname="tests.integration.test_user_repository" name="test_create_and_authenticate_user" time="4.113" /><testcase classname="tests.integration.test_user_repository" name="test_update_user_and_change_password" time="5.966" /><testcase classname="tests.integration.test_user_repository" name="test_delete_user" time="1.212" /><testcase classname="tests.unit.test_input_validation" name="test_email_validation" time="0.006" /><testcase classname="tests.unit.test_input_validation" name="test_phone_validation" time="0.002" /><testcase classname="tests.unit.test_input_validation" name="test_date_of_birth_validation_age_and_format" time="0.009" /><testcase classname="tests.unit.test_input_validation" name="test_ni_number_validation" time="0.001" /><testcase classname="tests.unit.test_input_validation" name="test_annual_salary_validation" time="0.002" /><testcase classname="tests.unit.test_smoke" name="test_pytest_runs" time="0.001" /><testcase classname="tests.unit.test_smoke" name="test_can_import_validation_module" time="0.001" /></testsuite></testsuites>